<?xml version="1.0" encoding="UTF-8"?>
<testsuite name="TestSuite" time="197.669" tests="1" errors="0" skipped="0" failures="1">
  <properties>
[...]
</properties>
  <testcase name="loginTest" classname="tehnosila.tehnosila_automation.tests.Smoke_Terminal" time="197.669">
    <failure message="Timed out after 10 seconds. Unable to locate the element&#10;For documentation on this error, please visit: http://seleniumhq.org/exceptions/no_such_element.html&#10;Build info: version: &apos;2.43.1&apos;, revision: &apos;5163bceef1bc36d43f3dc0b83c88998168a363a0&apos;, time: &apos;2014-09-10 09:43:55&apos;&#10;System info: host: &apos;wks66&apos;, ip: &apos;10.2.3.201&apos;, os.name: &apos;Windows 7&apos;, os.arch: &apos;amd64&apos;, os.version: &apos;6.1&apos;, java.version: &apos;1.8.0_91&apos;&#10;Driver info: driver.version: unknown" type="org.openqa.selenium.NoSuchElementException">org.openqa.selenium.NoSuchElementException: Timed out after 10 seconds. Unable to locate the element
For documentation on this error, please visit: http://seleniumhq.org/exceptions/no_such_element.html
Build info: version: '2.43.1', revision: '5163bceef1bc36d43f3dc0b83c88998168a363a0', time: '2014-09-10 09:43:55'
System info: host: 'wks66', ip: '10.2.3.201', os.name: 'Windows 7', os.arch: 'amd64', os.version: '6.1', java.version: '1.8.0_91'
Driver info: driver.version: unknown
	at org.openqa.selenium.remote.ErrorHandler.throwIfResponseFailed(ErrorHandler.java:136)
	at org.openqa.selenium.remote.RemoteWebDriver.execute(RemoteWebDriver.java:599)
	at org.openqa.selenium.remote.RemoteWebDriver.findElement(RemoteWebDriver.java:352)
	at org.openqa.selenium.remote.RemoteWebDriver.findElementByXPath(RemoteWebDriver.java:449)
	at org.openqa.selenium.By$ByXPath.findElement(By.java:357)
	at org.openqa.selenium.remote.RemoteWebDriver.findElement(RemoteWebDriver.java:344)
	at org.openqa.selenium.support.pagefactory.DefaultElementLocator.findElement(DefaultElementLocator.java:59)
	at org.openqa.selenium.support.pagefactory.AjaxElementLocator.access$001(AjaxElementLocator.java:40)
	at org.openqa.selenium.support.pagefactory.AjaxElementLocator$SlowLoadingElement.isLoaded(AjaxElementLocator.java:140)
	at org.openqa.selenium.support.ui.SlowLoadableComponent.get(SlowLoadableComponent.java:69)
	at org.openqa.selenium.support.pagefactory.AjaxElementLocator.findElement(AjaxElementLocator.java:70)
	at org.openqa.selenium.support.pagefactory.internal.LocatingElementHandler.invoke(LocatingElementHandler.java:37)
	at com.sun.proxy.$Proxy5.click(Unknown Source)
	at tehnosila.tehnosila_automation.pages.Term_Page_Tehnosila.clickTV(Term_Page_Tehnosila.java:75)
	at tehnosila.tehnosila_automation.tests.Smoke_Terminal.loginTest(Smoke_Terminal.java:66)
Caused by: org.openqa.selenium.NoSuchElementException: no such element: Unable to locate element: {"method":"xpath","selector":"//a[@href='http://terminal.test7.srvtest-tehnosila.ru/catalog/tv_i_video/televizory']"}
  (Session info: chrome=49.0.2623.112)
  (Driver info: chromedriver=2.21.371459 (36d3d07f660ff2bc1bf28a75d1cdabed0983e7c4),platform=Windows NT 6.1 SP1 x86_64) (WARNING: The server did not provide any stacktrace information)
Command duration or timeout: 30.02 seconds
For documentation on this error, please visit: http://seleniumhq.org/exceptions/no_such_element.html
Build info: version: '2.48.2', revision: '41bccdd', time: '2015-10-09 19:59:12'
System info: host: 'vsw7test2', ip: '10.2.0.67', os.name: 'Windows 7', os.arch: 'amd64', os.version: '6.1', java.version: '1.8.0_77'
Driver info: org.openqa.selenium.chrome.ChromeDriver
Capabilities [{applicationCacheEnabled=false, rotatable=false, mobileEmulationEnabled=true, chrome={chromedriverVersion=2.21.371459 (36d3d07f660ff2bc1bf28a75d1cdabed0983e7c4), userDataDir=C:\Users\RASSTR~1\AppData\Local\Temp\scoped_dir6072_31656}, takesHeapSnapshot=true, databaseEnabled=false, handlesAlerts=true, hasTouchScreen=true, version=49.0.2623.112, platform=XP, browserConnectionEnabled=false, nativeEvents=true, acceptSslCerts=true, locationContextEnabled=true, webStorageEnabled=true, browserName=chrome, takesScreenshot=true, javascriptEnabled=true, cssSelectorsEnabled=true}]
Session ID: 1e5f8a73c888b85b495a4ae2a181253e
*** Element info: {Using=xpath, value=//a[@href='http://terminal.test7.srvtest-tehnosila.ru/catalog/tv_i_video/televizory']}
For documentation on this error, please visit: http://seleniumhq.org/exceptions/no_such_element.html
Build info: version: '2.43.1', revision: '5163bceef1bc36d43f3dc0b83c88998168a363a0', time: '2014-09-10 09:43:55'
System info: host: 'wks66', ip: '10.2.3.201', os.name: 'Windows 7', os.arch: 'amd64', os.version: '6.1', java.version: '1.8.0_91'
Driver info: driver.version: EventFiringWebDriver
	at sun.reflect.GeneratedConstructorAccessor48.newInstance(Unknown Source)
	at sun.reflect.DelegatingConstructorAccessorImpl.newInstance(Unknown Source)
	at java.lang.reflect.Constructor.newInstance(Unknown Source)
	at org.openqa.selenium.remote.ErrorHandler.createThrowable(ErrorHandler.java:206)
	at org.openqa.selenium.remote.ErrorHandler.throwIfResponseFailed(ErrorHandler.java:158)
	at org.openqa.selenium.remote.RemoteWebDriver.execute(RemoteWebDriver.java:647)
	at org.openqa.selenium.remote.RemoteWebDriver.findElement(RemoteWebDriver.java:353)
	at org.openqa.selenium.remote.RemoteWebDriver.findElementByXPath(RemoteWebDriver.java:490)
	at org.openqa.selenium.By$ByXPath.findElement(By.java:361)
	at org.openqa.selenium.remote.RemoteWebDriver.findElement(RemoteWebDriver.java:345)
	at sun.reflect.GeneratedMethodAccessor25.invoke(Unknown Source)
	at sun.reflect.DelegatingMethodAccessorImpl.invoke(Unknown Source)
	at java.lang.reflect.Method.invoke(Unknown Source)
	at org.openqa.selenium.support.events.EventFiringWebDriver$2.invoke(EventFiringWebDriver.java:102)
	at com.sun.proxy.$Proxy2.findElement(Unknown Source)
	at org.openqa.selenium.support.events.EventFiringWebDriver.findElement(EventFiringWebDriver.java:187)
	at org.openqa.selenium.remote.server.handler.FindElement.call(FindElement.java:48)
	at org.openqa.selenium.remote.server.handler.FindElement.call(FindElement.java:1)
	at java.util.concurrent.FutureTask.run(Unknown Source)
	at org.openqa.selenium.remote.server.DefaultSession$1.run(DefaultSession.java:176)
	at java.util.concurrent.ThreadPoolExecutor.runWorker(Unknown Source)
	at java.util.concurrent.ThreadPoolExecutor$Worker.run(Unknown Source)
	at java.lang.Thread.run(Unknown Source)
</failure>
    <system-out><![CDATA[...
... TestNG 6.8.2beta_20130330_0839 by C?dric Beust (cedric@beust.com)
...

08:45:31,995 |-INFO in ch.qos.logback.classic.LoggerContext[default] - Could NOT find resource [logback.groovy]
08:45:31,995 |-INFO in ch.qos.logback.classic.LoggerContext[default] - Could NOT find resource [logback-test.xml]
08:45:31,995 |-INFO in ch.qos.logback.classic.LoggerContext[default] - Found resource [logback.xml] at [file:/D:/tehnosila_automation/target/test-classes/logback.xml]
08:45:32,084 |-INFO in ch.qos.logback.classic.joran.action.ConfigurationAction - debug attribute not set
08:45:32,088 |-INFO in ch.qos.logback.classic.joran.action.ConfigurationAction - Setting ReconfigureOnChangeFilter scanning period to 3 seconds
08:45:32,088 |-INFO in ReconfigureOnChangeFilter{invocationCounter=0} - Will scan for changes in [[D:\tehnosila_automation\target\test-classes\logback.xml]] every 3 seconds. 
08:45:32,088 |-INFO in ch.qos.logback.classic.joran.action.ConfigurationAction - Adding ReconfigureOnChangeFilter as a turbo filter
08:45:32,094 |-INFO in ch.qos.logback.core.joran.action.StatusListenerAction - Added status listener of type [ch.qos.logback.core.status.OnConsoleStatusListener]
08:45:32,097 |-INFO in ch.qos.logback.core.joran.action.AppenderAction - About to instantiate appender of type [ch.qos.logback.core.rolling.RollingFileAppender]
08:45:32,100 |-INFO in ch.qos.logback.core.joran.action.AppenderAction - Naming appender as [FILE]
08:45:32,115 |-ERROR in ch.qos.logback.core.joran.spi.Interpreter@29:13 - no applicable action for [encoding], current ElementPath  is [[configuration][appender][encoding]]
08:45:32,129 |-INFO in ch.qos.logback.core.rolling.FixedWindowRollingPolicy@35083305 - Will use zip compression
08:45:32,134 |-INFO in ch.qos.logback.core.joran.action.NestedComplexPropertyIA - Assuming default type [ch.qos.logback.classic.encoder.PatternLayoutEncoder] for [encoder] property
08:45:32,149 |-INFO in ch.qos.logback.core.rolling.RollingFileAppender[FILE] - Active log file name: logback/tehnosila_automation.log
08:45:32,149 |-INFO in ch.qos.logback.core.rolling.RollingFileAppender[FILE] - File property is set to [logback/tehnosila_automation.log]
08:45:32,150 |-INFO in ch.qos.logback.core.joran.action.AppenderAction - About to instantiate appender of type [tehnosila.tehnosila_automation.AppManager.ReportNGAppender]
08:45:32,152 |-INFO in ch.qos.logback.core.joran.action.AppenderAction - Naming appender as [ReportNG]
08:45:32,154 |-ERROR in ch.qos.logback.core.joran.spi.Interpreter@46:15 - no applicable action for [encoding], current ElementPath  is [[configuration][appender][encoding]]
08:45:32,154 |-INFO in ch.qos.logback.core.joran.action.NestedComplexPropertyIA - Assuming default type [ch.qos.logback.classic.encoder.PatternLayoutEncoder] for [encoder] property
08:45:32,154 |-INFO in ch.qos.logback.classic.joran.action.RootLoggerAction - Setting level of ROOT logger to INFO
08:45:32,155 |-INFO in ch.qos.logback.core.joran.action.AppenderRefAction - Attaching appender named [ReportNG] to Logger[ROOT]
08:45:32,155 |-INFO in ch.qos.logback.core.joran.action.AppenderRefAction - Attaching appender named [FILE] to Logger[ROOT]
08:45:32,155 |-INFO in ch.qos.logback.classic.joran.action.ConfigurationAction - End of configuration.
08:45:32,156 |-INFO in ch.qos.logback.classic.joran.JoranConfigurator@7995092a - Registering current configuration as safe fallback point
07.06.2016 08:45:36.765 INFO  t.t.t.TestBase:getTableArray:53 - startRow=1, endRow=3, startCol=0, endCol=4
07.06.2016 08:45:37.337 INFO  t.t.p.MyPageFactory:getPage:40 - ***QA: We are on the http://terminal.test7.srvtest-tehnosila.ru/?terminal=1234 page
07.06.2016 08:45:47.960 INFO  t.t.p.MyPageFactory:getPage:40 - ***QA: We are on the http://terminal.test7.srvtest-tehnosila.ru/?terminal=1234 page
07.06.2016 08:45:48.405 INFO  t.t.p.MyPageFactory:getPage:40 - ***QA: We are on the http://terminal.test7.srvtest-tehnosila.ru/?terminal=1234 page
07.06.2016 08:45:48.845 INFO  t.t.p.MyPageFactory:getPage:40 - ***QA: We are on the http://terminal.test7.srvtest-tehnosila.ru/?terminal=1234 page
07.06.2016 08:45:49.294 INFO  t.t.p.MyPageFactory:getPage:40 - ***QA: We are on the http://terminal.test7.srvtest-tehnosila.ru/?terminal=1234 page
07.06.2016 08:45:51.040 INFO  t.t.p.MyPageFactory:getPage:40 - ***QA: We are on the http://terminal.test7.srvtest-tehnosila.ru/?terminal=1234 page
07.06.2016 08:47:22.652 INFO  t.t.p.Term_Page_Tehnosila:clickTVAudioVideo:67 - Element Not Found
]]></system-out>
  </testcase>
</testsuite>